<?xml version="1.0" encoding="UTF-8"?>
<!-- Generated by org.testng.reporters.JUnitXMLReporter -->
<testsuite ignored="0" hostname="ATMECSINLT-002" failures="1" tests="9" name="contentmenu" time="64.072" errors="0" timestamp="2019-10-22T14:43:08 IST">
  <testcase classname="com.konakart.testscenarios.SearchProductScenario" name="@AfterMethod message" time="14.533">
    <failure type="java.lang.AssertionError" message="reuslt not matched expected [There are no available products.] but found [Windows 8]">
      <![CDATA[java.lang.AssertionError: reuslt not matched expected [There are no available products.] but found [Windows 8]
at com.konakart.validationHelper.ItemMessageValidation.searchResultValidation(ItemMessageValidation.java:40)
at com.konakart.script.QuickSearchPage.getItemMessage(QuickSearchPage.java:69)
at com.konakart.testscenarios.SearchProductScenario.message(SearchProductScenario.java:60)
at java.base/java.util.ArrayList.forEach(ArrayList.java:1540)
at java.base/java.util.concurrent.FutureTask.run(FutureTask.java:264)
at java.base/java.util.concurrent.ThreadPoolExecutor.runWorker(ThreadPoolExecutor.java:1128)
at java.base/java.util.concurrent.ThreadPoolExecutor$Worker.run(ThreadPoolExecutor.java:628)
at java.base/java.lang.Thread.run(Thread.java:835)
... Removed 27 stack frames]]>
    </failure>
  </testcase> <!-- @AfterMethod message -->
  <testcase classname="com.konakart.testscenarios.SearchProductScenario" name="@AfterMethod message" time="-1.571735588193E9">
    <skipped/>
  </testcase> <!-- @AfterMethod message -->
  <testcase classname="com.konakart.testscenarios.SearchProductScenario" name="@AfterMethod message" time="-1.571735588194E9">
    <skipped/>
  </testcase> <!-- @AfterMethod message -->
  <testcase classname="com.konakart.testscenarios.SearchProductScenario" name="@AfterMethod message" time="-1.571735588195E9">
    <skipped/>
  </testcase> <!-- @AfterMethod message -->
  <testcase classname="com.konakart.testscenarios.SearchProductScenario" name="@AfterMethod message" time="-1.571735588195E9">
    <skipped/>
  </testcase> <!-- @AfterMethod message -->
  <testcase classname="com.konakart.testscenarios.SearchProductScenario" name="@AfterMethod message" time="-1.571735588196E9">
    <skipped/>
  </testcase> <!-- @AfterMethod message -->
  <testcase classname="com.konakart.testscenarios.SearchProductScenario" name="OutComeOfSearch" time="6.32">
    <failure type="java.util.ConcurrentModificationException">
      <![CDATA[java.util.ConcurrentModificationException
at java.base/java.util.ArrayList.forEach(ArrayList.java:1542)
at com.aventstack.extentreports.Report.notifyReporters(Report.java:263)
at com.aventstack.extentreports.Report.flush(Report.java:185)
at com.aventstack.extentreports.ExtentReports.flush(ExtentReports.java:281)
at com.konakart.utility.KonakartExtendReport.reportLog(KonakartExtendReport.java:24)
at com.konakart.script.QuickSearchPage.searchProduct(QuickSearchPage.java:40)
at com.konakart.testscenarios.SearchProductScenario.OutComeOfSearch(SearchProductScenario.java:50)
at java.base/java.util.ArrayList.forEach(ArrayList.java:1540)
at java.base/java.util.concurrent.FutureTask.run(FutureTask.java:264)
at java.base/java.util.concurrent.ThreadPoolExecutor.runWorker(ThreadPoolExecutor.java:1128)
at java.base/java.util.concurrent.ThreadPoolExecutor$Worker.run(ThreadPoolExecutor.java:628)
at java.base/java.lang.Thread.run(Thread.java:835)
... Removed 18 stack frames]]>
    </failure>
  </testcase> <!-- OutComeOfSearch -->
  <testcase classname="com.konakart.testscenarios.SearchProductScenario" name="OutComeOfSearch" time="6.65"/>
  <testcase classname="com.konakart.testscenarios.SearchProductScenario" name="OutComeOfSearch" time="3.102"/>
  <testcase classname="com.konakart.testscenarios.SearchProductScenario" name="OutComeOfSearch" time="3.862"/>
  <testcase classname="com.konakart.testscenarios.SearchProductScenario" name="OutComeOfSearch" time="0.0">
    <skipped/>
  </testcase> <!-- OutComeOfSearch -->
  <testcase classname="com.konakart.testscenarios.SearchProductScenario" name="OutComeOfSearch" time="0.0">
    <skipped/>
  </testcase> <!-- OutComeOfSearch -->
  <testcase classname="com.konakart.testscenarios.SearchProductScenario" name="OutComeOfSearch" time="0.0">
    <skipped/>
  </testcase> <!-- OutComeOfSearch -->
  <testcase classname="com.konakart.testscenarios.SearchProductScenario" name="OutComeOfSearch" time="0.0">
    <skipped/>
  </testcase> <!-- OutComeOfSearch -->
  <testcase classname="com.konakart.testscenarios.SearchProductScenario" name="OutComeOfSearch" time="0.0">
    <skipped/>
  </testcase> <!-- OutComeOfSearch -->
</testsuite> <!-- contentmenu -->
