<?xml version="1.0" encoding="UTF-8"?>
<!-- Generated by org.testng.reporters.JUnitXMLReporter -->
<testsuite hostname="ATMECSINLT-002" ignored="0" name="Test2" tests="7" failures="0" timestamp="2019-10-23T11:23:22 IST" time="110.318" errors="0">
  <testcase name="@AfterMethod message" time="14.386" classname="com.konakart.testscenarios.SearchProductScenario">
    <failure type="java.lang.AssertionError" message="reuslt not matched expected [Windows 8] but found [Bundle Saver]">
      <![CDATA[java.lang.AssertionError: reuslt not matched expected [Windows 8] but found [Bundle Saver]
at com.konakart.validationHelper.ItemMessageValidation.searchResultValidation(ItemMessageValidation.java:40)
at com.konakart.script.QuickSearchPage.getItemMessage(QuickSearchPage.java:69)
at com.konakart.testscenarios.SearchProductScenario.message(SearchProductScenario.java:60)
at java.util.ArrayList.forEach(Unknown Source)
at java.util.concurrent.ThreadPoolExecutor.runWorker(Unknown Source)
at java.util.concurrent.ThreadPoolExecutor$Worker.run(Unknown Source)
at java.lang.Thread.run(Unknown Source)
... Removed 29 stack frames]]>
    </failure>
  </testcase> <!-- @AfterMethod message -->
  <testcase name="@AfterMethod message" time="-1.571809933494E9" classname="com.konakart.testscenarios.SearchProductScenario">
    <skipped/>
  </testcase> <!-- @AfterMethod message -->
  <testcase name="@AfterMethod message" time="-1.571809933495E9" classname="com.konakart.testscenarios.SearchProductScenario">
    <skipped/>
  </testcase> <!-- @AfterMethod message -->
  <testcase name="@AfterMethod message" time="-1.571809933496E9" classname="com.konakart.testscenarios.SearchProductScenario">
    <skipped/>
  </testcase> <!-- @AfterMethod message -->
  <testcase name="@AfterMethod message" time="-1.571809933496E9" classname="com.konakart.testscenarios.SearchProductScenario">
    <skipped/>
  </testcase> <!-- @AfterMethod message -->
  <testcase name="@AfterMethod message" time="-1.571809933497E9" classname="com.konakart.testscenarios.SearchProductScenario">
    <skipped/>
  </testcase> <!-- @AfterMethod message -->
  <testcase name="@AfterMethod message" time="-1.571809933498E9" classname="com.konakart.testscenarios.SearchProductScenario">
    <skipped/>
  </testcase> <!-- @AfterMethod message -->
  <testcase name="OutComeOfSearch" time="3.677" classname="com.konakart.testscenarios.SearchProductScenario"/>
  <testcase name="OutComeOfSearch" time="2.989" classname="com.konakart.testscenarios.SearchProductScenario"/>
  <testcase name="OutComeOfSearch" time="2.85" classname="com.konakart.testscenarios.SearchProductScenario"/>
  <testcase name="OutComeOfSearch" time="2.148" classname="com.konakart.testscenarios.SearchProductScenario"/>
  <testcase name="OutComeOfSearch" time="2.94" classname="com.konakart.testscenarios.SearchProductScenario"/>
  <testcase name="OutComeOfSearch" time="2.778" classname="com.konakart.testscenarios.SearchProductScenario"/>
  <testcase name="OutComeOfSearch" time="3.056" classname="com.konakart.testscenarios.SearchProductScenario"/>
</testsuite> <!-- Test2 -->
