<?xml version="1.0" encoding="UTF-8"?>
<testng-results skipped="6" failed="0" ignored="0" total="14" passed="8">
  <reporter-output>
  </reporter-output>
  <suite name="Suite1 (0)" duration-ms="41552" started-at="2019-10-23T11:21:31 IST" finished-at="2019-10-23T11:22:13 IST">
    <groups>
    </groups>
    <test name="Test2" duration-ms="41552" started-at="2019-10-23T11:21:31 IST" finished-at="2019-10-23T11:22:13 IST">
      <class name="com.konakart.testscenarios.SearchProductScenario">
        <test-method status="PASS" signature="setBrowser(java.lang.String)[pri:0, instance:com.konakart.testscenarios.SearchProductScenario@1d29cf23]" name="setBrowser" is-config="true" duration-ms="21141" started-at="2019-10-23T11:21:31 IST" finished-at="2019-10-23T11:21:53 IST">
          <params>
            <param index="0">
              <value>
                <![CDATA[ie]]>
              </value>
            </param>
          </params>
          <reporter-output>
          </reporter-output>
        </test-method> <!-- setBrowser -->
        <test-method status="PASS" signature="OutComeOfSearch(java.lang.String, java.lang.String, java.lang.String)[pri:0, instance:com.konakart.testscenarios.SearchProductScenario@1d29cf23]" name="OutComeOfSearch" duration-ms="5845" started-at="2019-10-23T11:21:53 IST" data-provider="userData" finished-at="2019-10-23T11:21:59 IST">
          <params>
            <param index="0">
              <value>
                <![CDATA[Computer Peripherals]]>
              </value>
            </param>
            <param index="1">
              <value>
                <![CDATA[Bundle Saver]]>
              </value>
            </param>
            <param index="2">
              <value>
                <![CDATA[Bundle Saver]]>
              </value>
            </param>
          </params>
          <reporter-output>
          </reporter-output>
        </test-method> <!-- OutComeOfSearch -->
        <test-method status="FAIL" signature="message()[pri:0, instance:com.konakart.testscenarios.SearchProductScenario@1d29cf23]" name="message" is-config="true" duration-ms="14386" started-at="2019-10-23T11:21:59 IST" finished-at="2019-10-23T11:22:13 IST">
          <exception class="java.lang.AssertionError">
            <message>
              <![CDATA[reuslt not matched expected [Windows 8] but found [Bundle Saver]]]>
            </message>
            <full-stacktrace>
              <![CDATA[java.lang.AssertionError: reuslt not matched expected [Windows 8] but found [Bundle Saver]
at org.testng.Assert.fail(Assert.java:97)
at org.testng.Assert.assertEqualsImpl(Assert.java:136)
at org.testng.Assert.assertEquals(Assert.java:118)
at org.testng.Assert.assertEquals(Assert.java:575)
at com.konakart.validationHelper.ItemMessageValidation.searchResultValidation(ItemMessageValidation.java:40)
at com.konakart.script.QuickSearchPage.getItemMessage(QuickSearchPage.java:69)
at com.konakart.testscenarios.SearchProductScenario.message(SearchProductScenario.java:60)
at sun.reflect.NativeMethodAccessorImpl.invoke0(Native Method)
at sun.reflect.NativeMethodAccessorImpl.invoke(Unknown Source)
at sun.reflect.DelegatingMethodAccessorImpl.invoke(Unknown Source)
at java.lang.reflect.Method.invoke(Unknown Source)
at org.testng.internal.MethodInvocationHelper.invokeMethod(MethodInvocationHelper.java:133)
at org.testng.internal.MethodInvocationHelper.invokeMethodConsideringTimeout(MethodInvocationHelper.java:62)
at org.testng.internal.ConfigInvoker.invokeConfigurationMethod(ConfigInvoker.java:340)
at org.testng.internal.ConfigInvoker.invokeConfigurations(ConfigInvoker.java:294)
at org.testng.internal.TestInvoker.runConfigMethods(TestInvoker.java:683)
at org.testng.internal.TestInvoker.runAfterGroupsConfigurations(TestInvoker.java:658)
at org.testng.internal.TestInvoker.invokeMethod(TestInvoker.java:642)
at org.testng.internal.TestInvoker.invokeTestMethod(TestInvoker.java:172)
at org.testng.internal.MethodRunner.runInSequence(MethodRunner.java:46)
at org.testng.internal.TestInvoker$MethodInvocationAgent.invoke(TestInvoker.java:804)
at org.testng.internal.TestInvoker.invokeTestMethods(TestInvoker.java:145)
at org.testng.internal.TestMethodWorker.invokeTestMethods(TestMethodWorker.java:146)
at org.testng.internal.TestMethodWorker.run(TestMethodWorker.java:128)
at java.util.ArrayList.forEach(Unknown Source)
at org.testng.TestRunner.privateRun(TestRunner.java:770)
at org.testng.TestRunner.run(TestRunner.java:591)
at org.testng.SuiteRunner.runTest(SuiteRunner.java:402)
at org.testng.SuiteRunner.runSequentially(SuiteRunner.java:396)
at org.testng.SuiteRunner.privateRun(SuiteRunner.java:355)
at org.testng.SuiteRunner.run(SuiteRunner.java:304)
at org.testng.SuiteRunnerWorker.runSuite(SuiteRunnerWorker.java:53)
at org.testng.SuiteRunnerWorker.run(SuiteRunnerWorker.java:96)
at java.util.concurrent.ThreadPoolExecutor.runWorker(Unknown Source)
at java.util.concurrent.ThreadPoolExecutor$Worker.run(Unknown Source)
at java.lang.Thread.run(Unknown Source)
]]>
            </full-stacktrace>
          </exception> <!-- java.lang.AssertionError -->
          <reporter-output>
          </reporter-output>
        </test-method> <!-- message -->
        <test-method status="SKIP" signature="OutComeOfSearch(java.lang.String, java.lang.String, java.lang.String)[pri:0, instance:com.konakart.testscenarios.SearchProductScenario@1d29cf23]" name="OutComeOfSearch" duration-ms="0" started-at="2019-10-23T11:22:13 IST" data-provider="userData" finished-at="2019-10-23T11:22:13 IST">
          <exception class="java.lang.AssertionError">
            <message>
              <![CDATA[reuslt not matched expected [Windows 8] but found [Bundle Saver]]]>
            </message>
            <full-stacktrace>
              <![CDATA[java.lang.AssertionError: reuslt not matched expected [Windows 8] but found [Bundle Saver]
at org.testng.Assert.fail(Assert.java:97)
at org.testng.Assert.assertEqualsImpl(Assert.java:136)
at org.testng.Assert.assertEquals(Assert.java:118)
at org.testng.Assert.assertEquals(Assert.java:575)
at com.konakart.validationHelper.ItemMessageValidation.searchResultValidation(ItemMessageValidation.java:40)
at com.konakart.script.QuickSearchPage.getItemMessage(QuickSearchPage.java:69)
at com.konakart.testscenarios.SearchProductScenario.message(SearchProductScenario.java:60)
at sun.reflect.NativeMethodAccessorImpl.invoke0(Native Method)
at sun.reflect.NativeMethodAccessorImpl.invoke(Unknown Source)
at sun.reflect.DelegatingMethodAccessorImpl.invoke(Unknown Source)
at java.lang.reflect.Method.invoke(Unknown Source)
at org.testng.internal.MethodInvocationHelper.invokeMethod(MethodInvocationHelper.java:133)
at org.testng.internal.MethodInvocationHelper.invokeMethodConsideringTimeout(MethodInvocationHelper.java:62)
at org.testng.internal.ConfigInvoker.invokeConfigurationMethod(ConfigInvoker.java:340)
at org.testng.internal.ConfigInvoker.invokeConfigurations(ConfigInvoker.java:294)
at org.testng.internal.TestInvoker.runConfigMethods(TestInvoker.java:683)
at org.testng.internal.TestInvoker.runAfterGroupsConfigurations(TestInvoker.java:658)
at org.testng.internal.TestInvoker.invokeMethod(TestInvoker.java:642)
at org.testng.internal.TestInvoker.invokeTestMethod(TestInvoker.java:172)
at org.testng.internal.MethodRunner.runInSequence(MethodRunner.java:46)
at org.testng.internal.TestInvoker$MethodInvocationAgent.invoke(TestInvoker.java:804)
at org.testng.internal.TestInvoker.invokeTestMethods(TestInvoker.java:145)
at org.testng.internal.TestMethodWorker.invokeTestMethods(TestMethodWorker.java:146)
at org.testng.internal.TestMethodWorker.run(TestMethodWorker.java:128)
at java.util.ArrayList.forEach(Unknown Source)
at org.testng.TestRunner.privateRun(TestRunner.java:770)
at org.testng.TestRunner.run(TestRunner.java:591)
at org.testng.SuiteRunner.runTest(SuiteRunner.java:402)
at org.testng.SuiteRunner.runSequentially(SuiteRunner.java:396)
at org.testng.SuiteRunner.privateRun(SuiteRunner.java:355)
at org.testng.SuiteRunner.run(SuiteRunner.java:304)
at org.testng.SuiteRunnerWorker.runSuite(SuiteRunnerWorker.java:53)
at org.testng.SuiteRunnerWorker.run(SuiteRunnerWorker.java:96)
at java.util.concurrent.ThreadPoolExecutor.runWorker(Unknown Source)
at java.util.concurrent.ThreadPoolExecutor$Worker.run(Unknown Source)
at java.lang.Thread.run(Unknown Source)
]]>
            </full-stacktrace>
          </exception> <!-- java.lang.AssertionError -->
          <reporter-output>
          </reporter-output>
        </test-method> <!-- OutComeOfSearch -->
        <test-method status="SKIP" signature="message()[pri:0, instance:com.konakart.testscenarios.SearchProductScenario@1d29cf23]" name="message" is-config="true" duration-ms="-1571809933494" started-at="2019-10-23T11:22:13 IST" finished-at="1970-01-01T05:30:00 IST">
          <reporter-output>
          </reporter-output>
        </test-method> <!-- message -->
        <test-method status="SKIP" signature="OutComeOfSearch(java.lang.String, java.lang.String, java.lang.String)[pri:0, instance:com.konakart.testscenarios.SearchProductScenario@1d29cf23]" name="OutComeOfSearch" duration-ms="0" started-at="2019-10-23T11:22:13 IST" data-provider="userData" finished-at="2019-10-23T11:22:13 IST">
          <exception class="java.lang.AssertionError">
            <message>
              <![CDATA[reuslt not matched expected [Windows 8] but found [Bundle Saver]]]>
            </message>
            <full-stacktrace>
              <![CDATA[java.lang.AssertionError: reuslt not matched expected [Windows 8] but found [Bundle Saver]
at org.testng.Assert.fail(Assert.java:97)
at org.testng.Assert.assertEqualsImpl(Assert.java:136)
at org.testng.Assert.assertEquals(Assert.java:118)
at org.testng.Assert.assertEquals(Assert.java:575)
at com.konakart.validationHelper.ItemMessageValidation.searchResultValidation(ItemMessageValidation.java:40)
at com.konakart.script.QuickSearchPage.getItemMessage(QuickSearchPage.java:69)
at com.konakart.testscenarios.SearchProductScenario.message(SearchProductScenario.java:60)
at sun.reflect.NativeMethodAccessorImpl.invoke0(Native Method)
at sun.reflect.NativeMethodAccessorImpl.invoke(Unknown Source)
at sun.reflect.DelegatingMethodAccessorImpl.invoke(Unknown Source)
at java.lang.reflect.Method.invoke(Unknown Source)
at org.testng.internal.MethodInvocationHelper.invokeMethod(MethodInvocationHelper.java:133)
at org.testng.internal.MethodInvocationHelper.invokeMethodConsideringTimeout(MethodInvocationHelper.java:62)
at org.testng.internal.ConfigInvoker.invokeConfigurationMethod(ConfigInvoker.java:340)
at org.testng.internal.ConfigInvoker.invokeConfigurations(ConfigInvoker.java:294)
at org.testng.internal.TestInvoker.runConfigMethods(TestInvoker.java:683)
at org.testng.internal.TestInvoker.runAfterGroupsConfigurations(TestInvoker.java:658)
at org.testng.internal.TestInvoker.invokeMethod(TestInvoker.java:642)
at org.testng.internal.TestInvoker.invokeTestMethod(TestInvoker.java:172)
at org.testng.internal.MethodRunner.runInSequence(MethodRunner.java:46)
at org.testng.internal.TestInvoker$MethodInvocationAgent.invoke(TestInvoker.java:804)
at org.testng.internal.TestInvoker.invokeTestMethods(TestInvoker.java:145)
at org.testng.internal.TestMethodWorker.invokeTestMethods(TestMethodWorker.java:146)
at org.testng.internal.TestMethodWorker.run(TestMethodWorker.java:128)
at java.util.ArrayList.forEach(Unknown Source)
at org.testng.TestRunner.privateRun(TestRunner.java:770)
at org.testng.TestRunner.run(TestRunner.java:591)
at org.testng.SuiteRunner.runTest(SuiteRunner.java:402)
at org.testng.SuiteRunner.runSequentially(SuiteRunner.java:396)
at org.testng.SuiteRunner.privateRun(SuiteRunner.java:355)
at org.testng.SuiteRunner.run(SuiteRunner.java:304)
at org.testng.SuiteRunnerWorker.runSuite(SuiteRunnerWorker.java:53)
at org.testng.SuiteRunnerWorker.run(SuiteRunnerWorker.java:96)
at java.util.concurrent.ThreadPoolExecutor.runWorker(Unknown Source)
at java.util.concurrent.ThreadPoolExecutor$Worker.run(Unknown Source)
at java.lang.Thread.run(Unknown Source)
]]>
            </full-stacktrace>
          </exception> <!-- java.lang.AssertionError -->
          <reporter-output>
          </reporter-output>
        </test-method> <!-- OutComeOfSearch -->
        <test-method status="SKIP" signature="message()[pri:0, instance:com.konakart.testscenarios.SearchProductScenario@1d29cf23]" name="message" is-config="true" duration-ms="-1571809933495" started-at="2019-10-23T11:22:13 IST" finished-at="1970-01-01T05:30:00 IST">
          <reporter-output>
          </reporter-output>
        </test-method> <!-- message -->
        <test-method status="SKIP" signature="OutComeOfSearch(java.lang.String, java.lang.String, java.lang.String)[pri:0, instance:com.konakart.testscenarios.SearchProductScenario@1d29cf23]" name="OutComeOfSearch" duration-ms="0" started-at="2019-10-23T11:22:13 IST" data-provider="userData" finished-at="2019-10-23T11:22:13 IST">
          <exception class="java.lang.AssertionError">
            <message>
              <![CDATA[reuslt not matched expected [Windows 8] but found [Bundle Saver]]]>
            </message>
            <full-stacktrace>
              <![CDATA[java.lang.AssertionError: reuslt not matched expected [Windows 8] but found [Bundle Saver]
at org.testng.Assert.fail(Assert.java:97)
at org.testng.Assert.assertEqualsImpl(Assert.java:136)
at org.testng.Assert.assertEquals(Assert.java:118)
at org.testng.Assert.assertEquals(Assert.java:575)
at com.konakart.validationHelper.ItemMessageValidation.searchResultValidation(ItemMessageValidation.java:40)
at com.konakart.script.QuickSearchPage.getItemMessage(QuickSearchPage.java:69)
at com.konakart.testscenarios.SearchProductScenario.message(SearchProductScenario.java:60)
at sun.reflect.NativeMethodAccessorImpl.invoke0(Native Method)
at sun.reflect.NativeMethodAccessorImpl.invoke(Unknown Source)
at sun.reflect.DelegatingMethodAccessorImpl.invoke(Unknown Source)
at java.lang.reflect.Method.invoke(Unknown Source)
at org.testng.internal.MethodInvocationHelper.invokeMethod(MethodInvocationHelper.java:133)
at org.testng.internal.MethodInvocationHelper.invokeMethodConsideringTimeout(MethodInvocationHelper.java:62)
at org.testng.internal.ConfigInvoker.invokeConfigurationMethod(ConfigInvoker.java:340)
at org.testng.internal.ConfigInvoker.invokeConfigurations(ConfigInvoker.java:294)
at org.testng.internal.TestInvoker.runConfigMethods(TestInvoker.java:683)
at org.testng.internal.TestInvoker.runAfterGroupsConfigurations(TestInvoker.java:658)
at org.testng.internal.TestInvoker.invokeMethod(TestInvoker.java:642)
at org.testng.internal.TestInvoker.invokeTestMethod(TestInvoker.java:172)
at org.testng.internal.MethodRunner.runInSequence(MethodRunner.java:46)
at org.testng.internal.TestInvoker$MethodInvocationAgent.invoke(TestInvoker.java:804)
at org.testng.internal.TestInvoker.invokeTestMethods(TestInvoker.java:145)
at org.testng.internal.TestMethodWorker.invokeTestMethods(TestMethodWorker.java:146)
at org.testng.internal.TestMethodWorker.run(TestMethodWorker.java:128)
at java.util.ArrayList.forEach(Unknown Source)
at org.testng.TestRunner.privateRun(TestRunner.java:770)
at org.testng.TestRunner.run(TestRunner.java:591)
at org.testng.SuiteRunner.runTest(SuiteRunner.java:402)
at org.testng.SuiteRunner.runSequentially(SuiteRunner.java:396)
at org.testng.SuiteRunner.privateRun(SuiteRunner.java:355)
at org.testng.SuiteRunner.run(SuiteRunner.java:304)
at org.testng.SuiteRunnerWorker.runSuite(SuiteRunnerWorker.java:53)
at org.testng.SuiteRunnerWorker.run(SuiteRunnerWorker.java:96)
at java.util.concurrent.ThreadPoolExecutor.runWorker(Unknown Source)
at java.util.concurrent.ThreadPoolExecutor$Worker.run(Unknown Source)
at java.lang.Thread.run(Unknown Source)
]]>
            </full-stacktrace>
          </exception> <!-- java.lang.AssertionError -->
          <reporter-output>
          </reporter-output>
        </test-method> <!-- OutComeOfSearch -->
        <test-method status="SKIP" signature="OutComeOfSearch(java.lang.String, java.lang.String, java.lang.String)[pri:0, instance:com.konakart.testscenarios.SearchProductScenario@1d29cf23]" name="OutComeOfSearch" duration-ms="0" started-at="2019-10-23T11:22:13 IST" data-provider="userData" finished-at="2019-10-23T11:22:13 IST">
          <exception class="java.lang.AssertionError">
            <message>
              <![CDATA[reuslt not matched expected [Windows 8] but found [Bundle Saver]]]>
            </message>
            <full-stacktrace>
              <![CDATA[java.lang.AssertionError: reuslt not matched expected [Windows 8] but found [Bundle Saver]
at org.testng.Assert.fail(Assert.java:97)
at org.testng.Assert.assertEqualsImpl(Assert.java:136)
at org.testng.Assert.assertEquals(Assert.java:118)
at org.testng.Assert.assertEquals(Assert.java:575)
at com.konakart.validationHelper.ItemMessageValidation.searchResultValidation(ItemMessageValidation.java:40)
at com.konakart.script.QuickSearchPage.getItemMessage(QuickSearchPage.java:69)
at com.konakart.testscenarios.SearchProductScenario.message(SearchProductScenario.java:60)
at sun.reflect.NativeMethodAccessorImpl.invoke0(Native Method)
at sun.reflect.NativeMethodAccessorImpl.invoke(Unknown Source)
at sun.reflect.DelegatingMethodAccessorImpl.invoke(Unknown Source)
at java.lang.reflect.Method.invoke(Unknown Source)
at org.testng.internal.MethodInvocationHelper.invokeMethod(MethodInvocationHelper.java:133)
at org.testng.internal.MethodInvocationHelper.invokeMethodConsideringTimeout(MethodInvocationHelper.java:62)
at org.testng.internal.ConfigInvoker.invokeConfigurationMethod(ConfigInvoker.java:340)
at org.testng.internal.ConfigInvoker.invokeConfigurations(ConfigInvoker.java:294)
at org.testng.internal.TestInvoker.runConfigMethods(TestInvoker.java:683)
at org.testng.internal.TestInvoker.runAfterGroupsConfigurations(TestInvoker.java:658)
at org.testng.internal.TestInvoker.invokeMethod(TestInvoker.java:642)
at org.testng.internal.TestInvoker.invokeTestMethod(TestInvoker.java:172)
at org.testng.internal.MethodRunner.runInSequence(MethodRunner.java:46)
at org.testng.internal.TestInvoker$MethodInvocationAgent.invoke(TestInvoker.java:804)
at org.testng.internal.TestInvoker.invokeTestMethods(TestInvoker.java:145)
at org.testng.internal.TestMethodWorker.invokeTestMethods(TestMethodWorker.java:146)
at org.testng.internal.TestMethodWorker.run(TestMethodWorker.java:128)
at java.util.ArrayList.forEach(Unknown Source)
at org.testng.TestRunner.privateRun(TestRunner.java:770)
at org.testng.TestRunner.run(TestRunner.java:591)
at org.testng.SuiteRunner.runTest(SuiteRunner.java:402)
at org.testng.SuiteRunner.runSequentially(SuiteRunner.java:396)
at org.testng.SuiteRunner.privateRun(SuiteRunner.java:355)
at org.testng.SuiteRunner.run(SuiteRunner.java:304)
at org.testng.SuiteRunnerWorker.runSuite(SuiteRunnerWorker.java:53)
at org.testng.SuiteRunnerWorker.run(SuiteRunnerWorker.java:96)
at java.util.concurrent.ThreadPoolExecutor.runWorker(Unknown Source)
at java.util.concurrent.ThreadPoolExecutor$Worker.run(Unknown Source)
at java.lang.Thread.run(Unknown Source)
]]>
            </full-stacktrace>
          </exception> <!-- java.lang.AssertionError -->
          <reporter-output>
          </reporter-output>
        </test-method> <!-- OutComeOfSearch -->
        <test-method status="SKIP" signature="message()[pri:0, instance:com.konakart.testscenarios.SearchProductScenario@1d29cf23]" name="message" is-config="true" duration-ms="-1571809933496" started-at="2019-10-23T11:22:13 IST" finished-at="1970-01-01T05:30:00 IST">
          <reporter-output>
          </reporter-output>
        </test-method> <!-- message -->
        <test-method status="SKIP" signature="message()[pri:0, instance:com.konakart.testscenarios.SearchProductScenario@1d29cf23]" name="message" is-config="true" duration-ms="-1571809933496" started-at="2019-10-23T11:22:13 IST" finished-at="1970-01-01T05:30:00 IST">
          <reporter-output>
          </reporter-output>
        </test-method> <!-- message -->
        <test-method status="SKIP" signature="OutComeOfSearch(java.lang.String, java.lang.String, java.lang.String)[pri:0, instance:com.konakart.testscenarios.SearchProductScenario@1d29cf23]" name="OutComeOfSearch" duration-ms="0" started-at="2019-10-23T11:22:13 IST" data-provider="userData" finished-at="2019-10-23T11:22:13 IST">
          <exception class="java.lang.AssertionError">
            <message>
              <![CDATA[reuslt not matched expected [Windows 8] but found [Bundle Saver]]]>
            </message>
            <full-stacktrace>
              <![CDATA[java.lang.AssertionError: reuslt not matched expected [Windows 8] but found [Bundle Saver]
at org.testng.Assert.fail(Assert.java:97)
at org.testng.Assert.assertEqualsImpl(Assert.java:136)
at org.testng.Assert.assertEquals(Assert.java:118)
at org.testng.Assert.assertEquals(Assert.java:575)
at com.konakart.validationHelper.ItemMessageValidation.searchResultValidation(ItemMessageValidation.java:40)
at com.konakart.script.QuickSearchPage.getItemMessage(QuickSearchPage.java:69)
at com.konakart.testscenarios.SearchProductScenario.message(SearchProductScenario.java:60)
at sun.reflect.NativeMethodAccessorImpl.invoke0(Native Method)
at sun.reflect.NativeMethodAccessorImpl.invoke(Unknown Source)
at sun.reflect.DelegatingMethodAccessorImpl.invoke(Unknown Source)
at java.lang.reflect.Method.invoke(Unknown Source)
at org.testng.internal.MethodInvocationHelper.invokeMethod(MethodInvocationHelper.java:133)
at org.testng.internal.MethodInvocationHelper.invokeMethodConsideringTimeout(MethodInvocationHelper.java:62)
at org.testng.internal.ConfigInvoker.invokeConfigurationMethod(ConfigInvoker.java:340)
at org.testng.internal.ConfigInvoker.invokeConfigurations(ConfigInvoker.java:294)
at org.testng.internal.TestInvoker.runConfigMethods(TestInvoker.java:683)
at org.testng.internal.TestInvoker.runAfterGroupsConfigurations(TestInvoker.java:658)
at org.testng.internal.TestInvoker.invokeMethod(TestInvoker.java:642)
at org.testng.internal.TestInvoker.invokeTestMethod(TestInvoker.java:172)
at org.testng.internal.MethodRunner.runInSequence(MethodRunner.java:46)
at org.testng.internal.TestInvoker$MethodInvocationAgent.invoke(TestInvoker.java:804)
at org.testng.internal.TestInvoker.invokeTestMethods(TestInvoker.java:145)
at org.testng.internal.TestMethodWorker.invokeTestMethods(TestMethodWorker.java:146)
at org.testng.internal.TestMethodWorker.run(TestMethodWorker.java:128)
at java.util.ArrayList.forEach(Unknown Source)
at org.testng.TestRunner.privateRun(TestRunner.java:770)
at org.testng.TestRunner.run(TestRunner.java:591)
at org.testng.SuiteRunner.runTest(SuiteRunner.java:402)
at org.testng.SuiteRunner.runSequentially(SuiteRunner.java:396)
at org.testng.SuiteRunner.privateRun(SuiteRunner.java:355)
at org.testng.SuiteRunner.run(SuiteRunner.java:304)
at org.testng.SuiteRunnerWorker.runSuite(SuiteRunnerWorker.java:53)
at org.testng.SuiteRunnerWorker.run(SuiteRunnerWorker.java:96)
at java.util.concurrent.ThreadPoolExecutor.runWorker(Unknown Source)
at java.util.concurrent.ThreadPoolExecutor$Worker.run(Unknown Source)
at java.lang.Thread.run(Unknown Source)
]]>
            </full-stacktrace>
          </exception> <!-- java.lang.AssertionError -->
          <reporter-output>
          </reporter-output>
        </test-method> <!-- OutComeOfSearch -->
        <test-method status="SKIP" signature="message()[pri:0, instance:com.konakart.testscenarios.SearchProductScenario@1d29cf23]" name="message" is-config="true" duration-ms="-1571809933497" started-at="2019-10-23T11:22:13 IST" finished-at="1970-01-01T05:30:00 IST">
          <reporter-output>
          </reporter-output>
        </test-method> <!-- message -->
        <test-method status="SKIP" signature="OutComeOfSearch(java.lang.String, java.lang.String, java.lang.String)[pri:0, instance:com.konakart.testscenarios.SearchProductScenario@1d29cf23]" name="OutComeOfSearch" duration-ms="0" started-at="2019-10-23T11:22:13 IST" data-provider="userData" finished-at="2019-10-23T11:22:13 IST">
          <exception class="java.lang.AssertionError">
            <message>
              <![CDATA[reuslt not matched expected [Windows 8] but found [Bundle Saver]]]>
            </message>
            <full-stacktrace>
              <![CDATA[java.lang.AssertionError: reuslt not matched expected [Windows 8] but found [Bundle Saver]
at org.testng.Assert.fail(Assert.java:97)
at org.testng.Assert.assertEqualsImpl(Assert.java:136)
at org.testng.Assert.assertEquals(Assert.java:118)
at org.testng.Assert.assertEquals(Assert.java:575)
at com.konakart.validationHelper.ItemMessageValidation.searchResultValidation(ItemMessageValidation.java:40)
at com.konakart.script.QuickSearchPage.getItemMessage(QuickSearchPage.java:69)
at com.konakart.testscenarios.SearchProductScenario.message(SearchProductScenario.java:60)
at sun.reflect.NativeMethodAccessorImpl.invoke0(Native Method)
at sun.reflect.NativeMethodAccessorImpl.invoke(Unknown Source)
at sun.reflect.DelegatingMethodAccessorImpl.invoke(Unknown Source)
at java.lang.reflect.Method.invoke(Unknown Source)
at org.testng.internal.MethodInvocationHelper.invokeMethod(MethodInvocationHelper.java:133)
at org.testng.internal.MethodInvocationHelper.invokeMethodConsideringTimeout(MethodInvocationHelper.java:62)
at org.testng.internal.ConfigInvoker.invokeConfigurationMethod(ConfigInvoker.java:340)
at org.testng.internal.ConfigInvoker.invokeConfigurations(ConfigInvoker.java:294)
at org.testng.internal.TestInvoker.runConfigMethods(TestInvoker.java:683)
at org.testng.internal.TestInvoker.runAfterGroupsConfigurations(TestInvoker.java:658)
at org.testng.internal.TestInvoker.invokeMethod(TestInvoker.java:642)
at org.testng.internal.TestInvoker.invokeTestMethod(TestInvoker.java:172)
at org.testng.internal.MethodRunner.runInSequence(MethodRunner.java:46)
at org.testng.internal.TestInvoker$MethodInvocationAgent.invoke(TestInvoker.java:804)
at org.testng.internal.TestInvoker.invokeTestMethods(TestInvoker.java:145)
at org.testng.internal.TestMethodWorker.invokeTestMethods(TestMethodWorker.java:146)
at org.testng.internal.TestMethodWorker.run(TestMethodWorker.java:128)
at java.util.ArrayList.forEach(Unknown Source)
at org.testng.TestRunner.privateRun(TestRunner.java:770)
at org.testng.TestRunner.run(TestRunner.java:591)
at org.testng.SuiteRunner.runTest(SuiteRunner.java:402)
at org.testng.SuiteRunner.runSequentially(SuiteRunner.java:396)
at org.testng.SuiteRunner.privateRun(SuiteRunner.java:355)
at org.testng.SuiteRunner.run(SuiteRunner.java:304)
at org.testng.SuiteRunnerWorker.runSuite(SuiteRunnerWorker.java:53)
at org.testng.SuiteRunnerWorker.run(SuiteRunnerWorker.java:96)
at java.util.concurrent.ThreadPoolExecutor.runWorker(Unknown Source)
at java.util.concurrent.ThreadPoolExecutor$Worker.run(Unknown Source)
at java.lang.Thread.run(Unknown Source)
]]>
            </full-stacktrace>
          </exception> <!-- java.lang.AssertionError -->
          <reporter-output>
          </reporter-output>
        </test-method> <!-- OutComeOfSearch -->
        <test-method status="SKIP" signature="message()[pri:0, instance:com.konakart.testscenarios.SearchProductScenario@1d29cf23]" name="message" is-config="true" duration-ms="-1571809933498" started-at="2019-10-23T11:22:13 IST" finished-at="1970-01-01T05:30:00 IST">
          <reporter-output>
          </reporter-output>
        </test-method> <!-- message -->
      </class> <!-- com.konakart.testscenarios.SearchProductScenario -->
    </test> <!-- Test2 -->
  </suite> <!-- Suite1 (0) -->
  <suite name="Suite1" duration-ms="110318" started-at="2019-10-23T11:21:31 IST" finished-at="2019-10-23T11:23:22 IST">
    <groups>
    </groups>
    <test name="Test2" duration-ms="110318" started-at="2019-10-23T11:21:31 IST" finished-at="2019-10-23T11:23:22 IST">
      <class name="com.konakart.testscenarios.SearchProductScenario">
        <test-method status="PASS" signature="setBrowser(java.lang.String)[pri:0, instance:com.konakart.testscenarios.SearchProductScenario@68bbe345]" name="setBrowser" is-config="true" duration-ms="17590" started-at="2019-10-23T11:21:31 IST" finished-at="2019-10-23T11:21:49 IST">
          <params>
            <param index="0">
              <value>
                <![CDATA[firefox]]>
              </value>
            </param>
          </params>
          <reporter-output>
          </reporter-output>
        </test-method> <!-- setBrowser -->
        <test-method status="PASS" signature="OutComeOfSearch(java.lang.String, java.lang.String, java.lang.String)[pri:0, instance:com.konakart.testscenarios.SearchProductScenario@68bbe345]" name="OutComeOfSearch" duration-ms="3677" started-at="2019-10-23T11:21:51 IST" data-provider="userData" finished-at="2019-10-23T11:21:54 IST">
          <params>
            <param index="0">
              <value>
                <![CDATA[Computer Peripherals]]>
              </value>
            </param>
            <param index="1">
              <value>
                <![CDATA[Bundle Saver]]>
              </value>
            </param>
            <param index="2">
              <value>
                <![CDATA[Bundle Saver]]>
              </value>
            </param>
          </params>
          <reporter-output>
          </reporter-output>
        </test-method> <!-- OutComeOfSearch -->
        <test-method status="PASS" signature="message()[pri:0, instance:com.konakart.testscenarios.SearchProductScenario@68bbe345]" name="message" is-config="true" duration-ms="14155" started-at="2019-10-23T11:21:54 IST" finished-at="2019-10-23T11:22:08 IST">
          <reporter-output>
          </reporter-output>
        </test-method> <!-- message -->
        <test-method status="PASS" signature="OutComeOfSearch(java.lang.String, java.lang.String, java.lang.String)[pri:0, instance:com.konakart.testscenarios.SearchProductScenario@68bbe345]" name="OutComeOfSearch" duration-ms="2989" started-at="2019-10-23T11:22:08 IST" data-provider="userData" finished-at="2019-10-23T11:22:11 IST">
          <params>
            <param index="0">
              <value>
                <![CDATA[Software]]>
              </value>
            </param>
            <param index="1">
              <value>
                <![CDATA[Windows 8]]>
              </value>
            </param>
            <param index="2">
              <value>
                <![CDATA[Windows 8]]>
              </value>
            </param>
          </params>
          <reporter-output>
          </reporter-output>
        </test-method> <!-- OutComeOfSearch -->
        <test-method status="PASS" signature="message()[pri:0, instance:com.konakart.testscenarios.SearchProductScenario@68bbe345]" name="message" is-config="true" duration-ms="14117" started-at="2019-10-23T11:22:11 IST" finished-at="2019-10-23T11:22:25 IST">
          <reporter-output>
          </reporter-output>
        </test-method> <!-- message -->
        <test-method status="PASS" signature="OutComeOfSearch(java.lang.String, java.lang.String, java.lang.String)[pri:0, instance:com.konakart.testscenarios.SearchProductScenario@68bbe345]" name="OutComeOfSearch" duration-ms="2850" started-at="2019-10-23T11:22:25 IST" data-provider="userData" finished-at="2019-10-23T11:22:28 IST">
          <params>
            <param index="0">
              <value>
                <![CDATA[DVD Movies]]>
              </value>
            </param>
            <param index="1">
              <value>
                <![CDATA[Acctim Metal Clock]]>
              </value>
            </param>
            <param index="2">
              <value>
                <![CDATA[There are no available products.]]>
              </value>
            </param>
          </params>
          <reporter-output>
          </reporter-output>
        </test-method> <!-- OutComeOfSearch -->
        <test-method status="PASS" signature="message()[pri:0, instance:com.konakart.testscenarios.SearchProductScenario@68bbe345]" name="message" is-config="true" duration-ms="71" started-at="2019-10-23T11:22:28 IST" finished-at="2019-10-23T11:22:28 IST">
          <reporter-output>
          </reporter-output>
        </test-method> <!-- message -->
        <test-method status="PASS" signature="OutComeOfSearch(java.lang.String, java.lang.String, java.lang.String)[pri:0, instance:com.konakart.testscenarios.SearchProductScenario@68bbe345]" name="OutComeOfSearch" duration-ms="2148" started-at="2019-10-23T11:22:28 IST" data-provider="userData" finished-at="2019-10-23T11:22:31 IST">
          <params>
            <param index="0">
              <value>
                <![CDATA[Home & Garden]]>
              </value>
            </param>
            <param index="1">
              <value>
                <![CDATA[Acctim Metal Clock]]>
              </value>
            </param>
            <param index="2">
              <value>
                <![CDATA[Acctim Metal Clock]]>
              </value>
            </param>
          </params>
          <reporter-output>
          </reporter-output>
        </test-method> <!-- OutComeOfSearch -->
        <test-method status="PASS" signature="message()[pri:0, instance:com.konakart.testscenarios.SearchProductScenario@68bbe345]" name="message" is-config="true" duration-ms="14149" started-at="2019-10-23T11:22:31 IST" finished-at="2019-10-23T11:22:45 IST">
          <reporter-output>
          </reporter-output>
        </test-method> <!-- message -->
        <test-method status="PASS" signature="OutComeOfSearch(java.lang.String, java.lang.String, java.lang.String)[pri:0, instance:com.konakart.testscenarios.SearchProductScenario@68bbe345]" name="OutComeOfSearch" duration-ms="2940" started-at="2019-10-23T11:22:45 IST" data-provider="userData" finished-at="2019-10-23T11:22:48 IST">
          <params>
            <param index="0">
              <value>
                <![CDATA[All]]>
              </value>
            </param>
            <param index="1">
              <value>
                <![CDATA[Windows 8]]>
              </value>
            </param>
            <param index="2">
              <value>
                <![CDATA[Windows 8]]>
              </value>
            </param>
          </params>
          <reporter-output>
          </reporter-output>
        </test-method> <!-- OutComeOfSearch -->
        <test-method status="PASS" signature="message()[pri:0, instance:com.konakart.testscenarios.SearchProductScenario@68bbe345]" name="message" is-config="true" duration-ms="14126" started-at="2019-10-23T11:22:48 IST" finished-at="2019-10-23T11:23:02 IST">
          <reporter-output>
          </reporter-output>
        </test-method> <!-- message -->
        <test-method status="PASS" signature="OutComeOfSearch(java.lang.String, java.lang.String, java.lang.String)[pri:0, instance:com.konakart.testscenarios.SearchProductScenario@68bbe345]" name="OutComeOfSearch" duration-ms="2778" started-at="2019-10-23T11:23:02 IST" data-provider="userData" finished-at="2019-10-23T11:23:05 IST">
          <params>
            <param index="0">
              <value>
                <![CDATA[DVD Movies]]>
              </value>
            </param>
            <param index="1">
              <value>
                <![CDATA[The Matrix]]>
              </value>
            </param>
            <param index="2">
              <value>
                <![CDATA[The Matrix]]>
              </value>
            </param>
          </params>
          <reporter-output>
          </reporter-output>
        </test-method> <!-- OutComeOfSearch -->
        <test-method status="PASS" signature="message()[pri:0, instance:com.konakart.testscenarios.SearchProductScenario@68bbe345]" name="message" is-config="true" duration-ms="14107" started-at="2019-10-23T11:23:05 IST" finished-at="2019-10-23T11:23:19 IST">
          <reporter-output>
          </reporter-output>
        </test-method> <!-- message -->
        <test-method status="PASS" signature="OutComeOfSearch(java.lang.String, java.lang.String, java.lang.String)[pri:0, instance:com.konakart.testscenarios.SearchProductScenario@68bbe345]" name="OutComeOfSearch" duration-ms="3056" started-at="2019-10-23T11:23:19 IST" data-provider="userData" finished-at="2019-10-23T11:23:22 IST">
          <params>
            <param index="0">
              <value>
                <![CDATA[Computer Peripherals]]>
              </value>
            </param>
            <param index="1">
              <value>
                <![CDATA[Windows 8]]>
              </value>
            </param>
            <param index="2">
              <value>
                <![CDATA[There are no available products.]]>
              </value>
            </param>
          </params>
          <reporter-output>
          </reporter-output>
        </test-method> <!-- OutComeOfSearch -->
        <test-method status="PASS" signature="message()[pri:0, instance:com.konakart.testscenarios.SearchProductScenario@68bbe345]" name="message" is-config="true" duration-ms="69" started-at="2019-10-23T11:23:22 IST" finished-at="2019-10-23T11:23:22 IST">
          <reporter-output>
          </reporter-output>
        </test-method> <!-- message -->
      </class> <!-- com.konakart.testscenarios.SearchProductScenario -->
    </test> <!-- Test2 -->
  </suite> <!-- Suite1 -->
</testng-results>
