<?xml version="1.0" encoding="UTF-8"?>
<!-- Generated by org.testng.reporters.JUnitReportReporter -->
<testsuite skipped="6" hostname="ATMECSINLT-002" name="com.konakart.testscenarios.SearchProductScenario" tests="15" failures="1" timestamp="2019-10-23T11:23:22 IST" time="111.463" errors="0">
  <testcase name="OutComeOfSearch" time="0.000" classname="com.konakart.testscenarios.SearchProductScenario">
    <skipped/>
  </testcase> <!-- OutComeOfSearch -->
  <testcase name="OutComeOfSearch" time="0.000" classname="com.konakart.testscenarios.SearchProductScenario">
    <skipped/>
  </testcase> <!-- OutComeOfSearch -->
  <testcase name="OutComeOfSearch" time="16.885" classname="com.konakart.testscenarios.SearchProductScenario"/>
  <testcase name="message" time="14.386" classname="com.konakart.testscenarios.SearchProductScenario">
    <failure type="java.lang.AssertionError" message="reuslt not matched expected [Windows 8] but found [Bundle Saver]">
      <![CDATA[java.lang.AssertionError: reuslt not matched expected [Windows 8] but found [Bundle Saver]
at org.testng.Assert.fail(Assert.java:97)
at org.testng.Assert.assertEqualsImpl(Assert.java:136)
at org.testng.Assert.assertEquals(Assert.java:118)
at org.testng.Assert.assertEquals(Assert.java:575)
at com.konakart.validationHelper.ItemMessageValidation.searchResultValidation(ItemMessageValidation.java:40)
at com.konakart.script.QuickSearchPage.getItemMessage(QuickSearchPage.java:69)
at com.konakart.testscenarios.SearchProductScenario.message(SearchProductScenario.java:60)
at sun.reflect.NativeMethodAccessorImpl.invoke0(Native Method)
at sun.reflect.NativeMethodAccessorImpl.invoke(Unknown Source)
at sun.reflect.DelegatingMethodAccessorImpl.invoke(Unknown Source)
at java.lang.reflect.Method.invoke(Unknown Source)
at org.testng.internal.MethodInvocationHelper.invokeMethod(MethodInvocationHelper.java:133)
at org.testng.internal.MethodInvocationHelper.invokeMethodConsideringTimeout(MethodInvocationHelper.java:62)
at org.testng.internal.ConfigInvoker.invokeConfigurationMethod(ConfigInvoker.java:340)
at org.testng.internal.ConfigInvoker.invokeConfigurations(ConfigInvoker.java:294)
at org.testng.internal.TestInvoker.runConfigMethods(TestInvoker.java:683)
at org.testng.internal.TestInvoker.runAfterGroupsConfigurations(TestInvoker.java:658)
at org.testng.internal.TestInvoker.invokeMethod(TestInvoker.java:642)
at org.testng.internal.TestInvoker.invokeTestMethod(TestInvoker.java:172)
at org.testng.internal.MethodRunner.runInSequence(MethodRunner.java:46)
at org.testng.internal.TestInvoker$MethodInvocationAgent.invoke(TestInvoker.java:804)
at org.testng.internal.TestInvoker.invokeTestMethods(TestInvoker.java:145)
at org.testng.internal.TestMethodWorker.invokeTestMethods(TestMethodWorker.java:146)
at org.testng.internal.TestMethodWorker.run(TestMethodWorker.java:128)
at java.util.ArrayList.forEach(Unknown Source)
at org.testng.TestRunner.privateRun(TestRunner.java:770)
at org.testng.TestRunner.run(TestRunner.java:591)
at org.testng.SuiteRunner.runTest(SuiteRunner.java:402)
at org.testng.SuiteRunner.runSequentially(SuiteRunner.java:396)
at org.testng.SuiteRunner.privateRun(SuiteRunner.java:355)
at org.testng.SuiteRunner.run(SuiteRunner.java:304)
at org.testng.SuiteRunnerWorker.runSuite(SuiteRunnerWorker.java:53)
at org.testng.SuiteRunnerWorker.run(SuiteRunnerWorker.java:96)
at java.util.concurrent.ThreadPoolExecutor.runWorker(Unknown Source)
at java.util.concurrent.ThreadPoolExecutor$Worker.run(Unknown Source)
at java.lang.Thread.run(Unknown Source)
]]>
    </failure>
  </testcase> <!-- message -->
  <testcase name="OutComeOfSearch" time="5.845" classname="com.konakart.testscenarios.SearchProductScenario"/>
  <testcase name="OutComeOfSearch" time="0.000" classname="com.konakart.testscenarios.SearchProductScenario">
    <skipped/>
  </testcase> <!-- OutComeOfSearch -->
  <testcase name="OutComeOfSearch" time="0.000" classname="com.konakart.testscenarios.SearchProductScenario">
    <skipped/>
  </testcase> <!-- OutComeOfSearch -->
  <testcase name="OutComeOfSearch" time="3.009" classname="com.konakart.testscenarios.SearchProductScenario"/>
  <testcase name="OutComeOfSearch" time="17.115" classname="com.konakart.testscenarios.SearchProductScenario"/>
  <testcase name="OutComeOfSearch" time="16.297" classname="com.konakart.testscenarios.SearchProductScenario"/>
  <testcase name="OutComeOfSearch" time="0.000" classname="com.konakart.testscenarios.SearchProductScenario">
    <skipped/>
  </testcase> <!-- OutComeOfSearch -->
  <testcase name="OutComeOfSearch" time="0.000" classname="com.konakart.testscenarios.SearchProductScenario">
    <skipped/>
  </testcase> <!-- OutComeOfSearch -->
  <testcase name="OutComeOfSearch" time="16.967" classname="com.konakart.testscenarios.SearchProductScenario"/>
  <testcase name="OutComeOfSearch" time="3.127" classname="com.konakart.testscenarios.SearchProductScenario"/>
  <testcase name="OutComeOfSearch" time="17.832" classname="com.konakart.testscenarios.SearchProductScenario"/>
</testsuite> <!-- com.konakart.testscenarios.SearchProductScenario -->
